<!DOCTYPE html PUBLIC "-//W3C//DTD XHTML 1.1//EN" "http://www.w3.org/TR/xhtml11/DTD/xhtml11.dtd">
<html xmlns="http://www.w3.org/1999/xhtml">
<head>
<meta http-equiv="content-type" content="text/html; charset=UTF-8"/>
<title>TestNG Report</title>
<style type="text/css">table {margin-bottom:10px;border-collapse:collapse;empty-cells:show}th,td {border:1px solid #009;padding:.25em .5em}th {vertical-align:bottom}td {vertical-align:top}table a {font-weight:bold}.stripe td {background-color: #E6EBF9}.num {text-align:right}.passedodd td {background-color: #3F3}.passedeven td {background-color: #0A0}.skippedodd td {background-color: #DDD}.skippedeven td {background-color: #CCC}.failedodd td,.attn {background-color: #F33}.failedeven td,.stripe .attn {background-color: #D00}.stacktrace {white-space:pre;font-family:monospace}.totop {font-size:85%;text-align:center;border-bottom:2px solid #000}.invisible {display:none}</style>
</head>
<body>
<table>
<tr><th>Test</th><th># Passed</th><th># Skipped</th><th># Failed</th><th>Time (ms)</th><th>Included Groups</th><th>Excluded Groups</th></tr>
<tr><th colspan="7">Suite</th></tr>
<tr><td><a href="#t0">Header</a></td><td class="num">1</td><td class="num">0</td><td class="num">0</td><td class="num">27,090</td><td></td><td></td></tr>
<tr class="stripe"><td><a href="#t1">Footer</a></td><td class="num">1</td><td class="num">0</td><td class="num">0</td><td class="num">29,711</td><td></td><td></td></tr>
<tr><td><a href="#t2">oneway</a></td><td class="num">0</td><td class="num">0</td><td class="num attn">1</td><td class="num">79,084</td><td></td><td></td></tr>
<tr class="stripe"><td><a href="#t3">Flight_Status</a></td><td class="num">1</td><td class="num">0</td><td class="num">0</td><td class="num">77,277</td><td></td><td></td></tr>
<tr><th>Total</th><th class="num">3</th><th class="num">0</th><th class="num attn">1</th><th class="num">213,162</th><th colspan="2"></th></tr>
</table>
<table id='summary'><thead><tr><th>Class</th><th>Method</th><th>Start</th><th>Time (ms)</th></tr></thead><tbody><tr><th colspan="4">Suite</th></tr></tbody><tbody id="t0"><tr><th colspan="4">Header &#8212; passed</th></tr><tr class="passedeven"><td rowspan="1">Testcases.HeaderLink</td><td><a href="#m0">Header</a></td><td rowspan="1">1589804269346</td><td rowspan="1">6959</td></tr></tbody>
<tbody id="t1"><tr><th colspan="4">Footer &#8212; passed</th></tr><tr class="passedeven"><td rowspan="1">Testcases.FooterLinks</td><td><a href="#m1">footerLink</a></td><td rowspan="1">1589804295238</td><td rowspan="1">10504</td></tr></tbody>
<tbody id="t2"><tr><th colspan="4">oneway &#8212; failed</th></tr><tr class="failedeven"><td rowspan="1">Testcases.Oneway_Test</td><td><a href="#m2">oneway</a></td><td rowspan="1">1589804356394</td><td rowspan="1">27349</td></tr></tbody>
<tbody id="t3"><tr><th colspan="4">Flight_Status &#8212; passed</th></tr><tr class="passedeven"><td rowspan="1">Objects.Flight_Status</td><td><a href="#m3">flightStatus</a></td><td rowspan="1">1589804450022</td><td rowspan="1">12301</td></tr></tbody>
</table>
<h2>Header</h2><h3 id="m0">Testcases.HeaderLink#Header</h3><table class="result"><tr><th class="invisible"/></tr></table><p class="totop"><a href="#summary">back to summary</a></p>
<h2>Footer</h2><h3 id="m1">Testcases.FooterLinks#footerLink</h3><table class="result"><tr><th class="invisible"/></tr></table><p class="totop"><a href="#summary">back to summary</a></p>
<h2>oneway</h2><h3 id="m2">Testcases.Oneway_Test#oneway</h3><table class="result"><tr><th>Exception</th></tr><tr><td><div class="stacktrace">org.testng.TestException: 
Expected exception of type class org.openqa.selenium.StaleElementReferenceException but got org.openqa.selenium.JavascriptException: javascript error: argument is not defined
  (Session info: chrome=81.0.4044.138)
Build info: version: &apos;3.141.59&apos;, revision: &apos;e82be7d358&apos;, time: &apos;2018-11-14T08:17:03&apos;
System info: host: &apos;ANUSH&apos;, ip: &apos;192.168.1.4&apos;, os.name: &apos;Windows 8.1&apos;, os.arch: &apos;amd64&apos;, os.version: &apos;6.3&apos;, java.version: &apos;14.0.1&apos;
Driver info: org.openqa.selenium.chrome.ChromeDriver
Capabilities {acceptInsecureCerts: false, browserName: chrome, browserVersion: 81.0.4044.138, chrome: {chromedriverVersion: 80.0.3987.106 (f68069574609..., userDataDir: C:\Users\USER\AppData\Local...}, goog:chromeOptions: {debuggerAddress: localhost:50641}, javascriptEnabled: true, networkConnectionEnabled: false, pageLoadStrategy: normal, platform: WINDOWS, platformName: WINDOWS, proxy: Proxy(), setWindowRect: true, strictFileInteractability: false, timeouts: {implicit: 0, pageLoad: 300000, script: 30000}, unhandledPromptBehavior: dismiss and notify}
Session ID: ae09b7845b999a7332fd7ecf1756b9ab
Caused by: org.openqa.selenium.JavascriptException: javascript error: argument is not defined
  (Session info: chrome=81.0.4044.138)
Build info: version: &apos;3.141.59&apos;, revision: &apos;e82be7d358&apos;, time: &apos;2018-11-14T08:17:03&apos;
System info: host: &apos;ANUSH&apos;, ip: &apos;192.168.1.4&apos;, os.name: &apos;Windows 8.1&apos;, os.arch: &apos;amd64&apos;, os.version: &apos;6.3&apos;, java.version: &apos;14.0.1&apos;
Driver info: org.openqa.selenium.chrome.ChromeDriver
Capabilities {acceptInsecureCerts: false, browserName: chrome, browserVersion: 81.0.4044.138, chrome: {chromedriverVersion: 80.0.3987.106 (f68069574609..., userDataDir: C:\Users\USER\AppData\Local...}, goog:chromeOptions: {debuggerAddress: localhost:50641}, javascriptEnabled: true, networkConnectionEnabled: false, pageLoadStrategy: normal, platform: WINDOWS, platformName: WINDOWS, proxy: Proxy(), setWindowRect: true, strictFileInteractability: false, timeouts: {implicit: 0, pageLoad: 300000, script: 30000}, unhandledPromptBehavior: dismiss and notify}
Session ID: ae09b7845b999a7332fd7ecf1756b9ab
	at org.openqa.selenium.remote.http.W3CHttpResponseCodec.createException(W3CHttpResponseCodec.java:187)
	at org.openqa.selenium.remote.http.W3CHttpResponseCodec.decode(W3CHttpResponseCodec.java:122)
	at org.openqa.selenium.remote.http.W3CHttpResponseCodec.decode(W3CHttpResponseCodec.java:49)
	at org.openqa.selenium.remote.HttpCommandExecutor.execute(HttpCommandExecutor.java:158)
	at org.openqa.selenium.remote.service.DriverCommandExecutor.execute(DriverCommandExecutor.java:83)
	at org.openqa.selenium.remote.RemoteWebDriver.execute(RemoteWebDriver.java:552)
	at org.openqa.selenium.remote.RemoteWebDriver.executeScript(RemoteWebDriver.java:489)
	at Testcases.Oneway_Test.oneway(Oneway_Test.java:53)
	... 19 more
... Removed 33 stack frames</div></td></tr></table><p class="totop"><a href="#summary">back to summary</a></p>
<h2>Flight_Status</h2><h3 id="m3">Objects.Flight_Status#flightStatus</h3><table class="result"><tr><th class="invisible"/></tr></table><p class="totop"><a href="#summary">back to summary</a></p>
</body>
</html>
