<?xml version="1.0" encoding="UTF-8"?>
<testng-results ignored="0" total="4" passed="3" failed="1" skipped="0">
  <reporter-output>
  </reporter-output>
  <suite started-at="2020-05-18T12:17:29Z" name="Suite" finished-at="2020-05-18T12:21:03Z" duration-ms="213321">
    <groups>
    </groups>
    <test started-at="2020-05-18T12:17:29Z" name="Header" finished-at="2020-05-18T12:17:57Z" duration-ms="27090">
      <class name="Testcases.HeaderLink">
        <test-method is-config="true" signature="launchBrowser(java.lang.String)[pri:0, instance:Testcases.HeaderLink@11dc3715]" started-at="2020-05-18T12:17:29Z" name="launchBrowser" finished-at="2020-05-18T12:17:49Z" duration-ms="19383" status="PASS">
          <params>
            <param index="0">
              <value>
                <![CDATA[chrome]]>
              </value>
            </param>
          </params>
          <reporter-output>
          </reporter-output>
        </test-method> <!-- launchBrowser -->
        <test-method signature="Header()[pri:0, instance:Testcases.HeaderLink@11dc3715]" started-at="2020-05-18T12:17:49Z" name="Header" finished-at="2020-05-18T12:17:56Z" duration-ms="6959" status="PASS">
          <reporter-output>
          </reporter-output>
        </test-method> <!-- Header -->
        <test-method is-config="true" signature="tearDown(org.testng.ITestResult)[pri:0, instance:Testcases.HeaderLink@11dc3715]" started-at="2020-05-18T12:17:56Z" name="tearDown" finished-at="2020-05-18T12:17:57Z" duration-ms="717" status="PASS">
          <params>
            <param index="0">
              <value>
                <![CDATA[[TestResult name=Header status=SUCCESS method=HeaderLink.Header()[pri:0, instance:Testcases.HeaderLink@11dc3715] output={null}]]]>
              </value>
            </param>
          </params>
          <reporter-output>
          </reporter-output>
        </test-method> <!-- tearDown -->
      </class> <!-- Testcases.HeaderLink -->
    </test> <!-- Header -->
    <test started-at="2020-05-18T12:17:57Z" name="Footer" finished-at="2020-05-18T12:18:26Z" duration-ms="29711">
      <class name="Testcases.FooterLinks">
        <test-method is-config="true" signature="launchBrowser(java.lang.String)[pri:0, instance:Testcases.FooterLinks@43ee72e6]" started-at="2020-05-18T12:17:57Z" name="launchBrowser" finished-at="2020-05-18T12:18:15Z" duration-ms="18126" status="PASS">
          <params>
            <param index="0">
              <value>
                <![CDATA[chrome]]>
              </value>
            </param>
          </params>
          <reporter-output>
          </reporter-output>
        </test-method> <!-- launchBrowser -->
        <test-method signature="footerLink()[pri:0, instance:Testcases.FooterLinks@43ee72e6]" started-at="2020-05-18T12:18:15Z" name="footerLink" finished-at="2020-05-18T12:18:25Z" duration-ms="10504" status="PASS">
          <reporter-output>
          </reporter-output>
        </test-method> <!-- footerLink -->
        <test-method is-config="true" signature="tearDown(org.testng.ITestResult)[pri:0, instance:Testcases.FooterLinks@43ee72e6]" started-at="2020-05-18T12:18:25Z" name="tearDown" finished-at="2020-05-18T12:18:26Z" duration-ms="1071" status="PASS">
          <params>
            <param index="0">
              <value>
                <![CDATA[[TestResult name=footerLink status=SUCCESS method=FooterLinks.footerLink()[pri:0, instance:Testcases.FooterLinks@43ee72e6] output={null}]]]>
              </value>
            </param>
          </params>
          <reporter-output>
          </reporter-output>
        </test-method> <!-- tearDown -->
      </class> <!-- Testcases.FooterLinks -->
    </test> <!-- Footer -->
    <test started-at="2020-05-18T12:18:26Z" name="oneway" finished-at="2020-05-18T12:19:45Z" duration-ms="79084">
      <class name="Testcases.Oneway_Test">
        <test-method is-config="true" signature="launchBrowser(java.lang.String)[pri:0, instance:Testcases.Oneway_Test@ec756bd]" started-at="2020-05-18T12:18:26Z" name="launchBrowser" finished-at="2020-05-18T12:19:16Z" duration-ms="49548" status="PASS">
          <params>
            <param index="0">
              <value>
                <![CDATA[chrome]]>
              </value>
            </param>
          </params>
          <reporter-output>
          </reporter-output>
        </test-method> <!-- launchBrowser -->
        <test-method signature="oneway()[pri:0, instance:Testcases.Oneway_Test@ec756bd]" started-at="2020-05-18T12:19:16Z" name="oneway" finished-at="2020-05-18T12:19:43Z" duration-ms="27349" status="FAIL">
          <exception class="org.testng.TestException">
            <message>
              <![CDATA[
Expected exception of type class org.openqa.selenium.StaleElementReferenceException but got org.openqa.selenium.JavascriptException: javascript error: argument is not defined
  (Session info: chrome=81.0.4044.138)
Build info: version: '3.141.59', revision: 'e82be7d358', time: '2018-11-14T08:17:03'
System info: host: 'ANUSH', ip: '192.168.1.4', os.name: 'Windows 8.1', os.arch: 'amd64', os.version: '6.3', java.version: '14.0.1'
Driver info: org.openqa.selenium.chrome.ChromeDriver
Capabilities {acceptInsecureCerts: false, browserName: chrome, browserVersion: 81.0.4044.138, chrome: {chromedriverVersion: 80.0.3987.106 (f68069574609..., userDataDir: C:\Users\USER\AppData\Local...}, goog:chromeOptions: {debuggerAddress: localhost:50641}, javascriptEnabled: true, networkConnectionEnabled: false, pageLoadStrategy: normal, platform: WINDOWS, platformName: WINDOWS, proxy: Proxy(), setWindowRect: true, strictFileInteractability: false, timeouts: {implicit: 0, pageLoad: 300000, script: 30000}, unhandledPromptBehavior: dismiss and notify}
Session ID: ae09b7845b999a7332fd7ecf1756b9ab]]>
            </message>
            <full-stacktrace>
              <![CDATA[org.testng.TestException: 
Expected exception of type class org.openqa.selenium.StaleElementReferenceException but got org.openqa.selenium.JavascriptException: javascript error: argument is not defined
  (Session info: chrome=81.0.4044.138)
Build info: version: '3.141.59', revision: 'e82be7d358', time: '2018-11-14T08:17:03'
System info: host: 'ANUSH', ip: '192.168.1.4', os.name: 'Windows 8.1', os.arch: 'amd64', os.version: '6.3', java.version: '14.0.1'
Driver info: org.openqa.selenium.chrome.ChromeDriver
Capabilities {acceptInsecureCerts: false, browserName: chrome, browserVersion: 81.0.4044.138, chrome: {chromedriverVersion: 80.0.3987.106 (f68069574609..., userDataDir: C:\Users\USER\AppData\Local...}, goog:chromeOptions: {debuggerAddress: localhost:50641}, javascriptEnabled: true, networkConnectionEnabled: false, pageLoadStrategy: normal, platform: WINDOWS, platformName: WINDOWS, proxy: Proxy(), setWindowRect: true, strictFileInteractability: false, timeouts: {implicit: 0, pageLoad: 300000, script: 30000}, unhandledPromptBehavior: dismiss and notify}
Session ID: ae09b7845b999a7332fd7ecf1756b9ab
at org.testng.internal.ExpectedExceptionsHolder.wrongException(ExpectedExceptionsHolder.java:68)
at org.testng.internal.Invoker.considerExceptions(Invoker.java:1130)
at org.testng.internal.Invoker.invokeMethod(Invoker.java:615)
at org.testng.internal.Invoker.invokeTestMethod(Invoker.java:719)
at org.testng.internal.Invoker.invokeTestMethods(Invoker.java:989)
at org.testng.internal.TestMethodWorker.invokeTestMethods(TestMethodWorker.java:125)
at org.testng.internal.TestMethodWorker.run(TestMethodWorker.java:109)
at org.testng.TestRunner.privateRun(TestRunner.java:648)
at org.testng.TestRunner.run(TestRunner.java:505)
at org.testng.SuiteRunner.runTest(SuiteRunner.java:455)
at org.testng.SuiteRunner.runSequentially(SuiteRunner.java:450)
at org.testng.SuiteRunner.privateRun(SuiteRunner.java:415)
at org.testng.SuiteRunner.run(SuiteRunner.java:364)
at org.testng.SuiteRunnerWorker.runSuite(SuiteRunnerWorker.java:52)
at org.testng.SuiteRunnerWorker.run(SuiteRunnerWorker.java:84)
at org.testng.TestNG.runSuitesSequentially(TestNG.java:1208)
at org.testng.TestNG.runSuitesLocally(TestNG.java:1137)
at org.testng.TestNG.runSuites(TestNG.java:1049)
at org.testng.TestNG.run(TestNG.java:1017)
at org.testng.remote.AbstractRemoteTestNG.run(AbstractRemoteTestNG.java:115)
at org.testng.remote.RemoteTestNG.initAndRun(RemoteTestNG.java:251)
at org.testng.remote.RemoteTestNG.main(RemoteTestNG.java:77)
Caused by: org.openqa.selenium.JavascriptException: javascript error: argument is not defined
  (Session info: chrome=81.0.4044.138)
Build info: version: '3.141.59', revision: 'e82be7d358', time: '2018-11-14T08:17:03'
System info: host: 'ANUSH', ip: '192.168.1.4', os.name: 'Windows 8.1', os.arch: 'amd64', os.version: '6.3', java.version: '14.0.1'
Driver info: org.openqa.selenium.chrome.ChromeDriver
Capabilities {acceptInsecureCerts: false, browserName: chrome, browserVersion: 81.0.4044.138, chrome: {chromedriverVersion: 80.0.3987.106 (f68069574609..., userDataDir: C:\Users\USER\AppData\Local...}, goog:chromeOptions: {debuggerAddress: localhost:50641}, javascriptEnabled: true, networkConnectionEnabled: false, pageLoadStrategy: normal, platform: WINDOWS, platformName: WINDOWS, proxy: Proxy(), setWindowRect: true, strictFileInteractability: false, timeouts: {implicit: 0, pageLoad: 300000, script: 30000}, unhandledPromptBehavior: dismiss and notify}
Session ID: ae09b7845b999a7332fd7ecf1756b9ab
at java.base/jdk.internal.reflect.NativeConstructorAccessorImpl.newInstance0(Native Method)
at java.base/jdk.internal.reflect.NativeConstructorAccessorImpl.newInstance(NativeConstructorAccessorImpl.java:62)
at java.base/jdk.internal.reflect.DelegatingConstructorAccessorImpl.newInstance(DelegatingConstructorAccessorImpl.java:45)
at java.base/java.lang.reflect.Constructor.newInstanceWithCaller(Constructor.java:500)
at java.base/java.lang.reflect.Constructor.newInstance(Constructor.java:481)
at org.openqa.selenium.remote.http.W3CHttpResponseCodec.createException(W3CHttpResponseCodec.java:187)
at org.openqa.selenium.remote.http.W3CHttpResponseCodec.decode(W3CHttpResponseCodec.java:122)
at org.openqa.selenium.remote.http.W3CHttpResponseCodec.decode(W3CHttpResponseCodec.java:49)
at org.openqa.selenium.remote.HttpCommandExecutor.execute(HttpCommandExecutor.java:158)
at org.openqa.selenium.remote.service.DriverCommandExecutor.execute(DriverCommandExecutor.java:83)
at org.openqa.selenium.remote.RemoteWebDriver.execute(RemoteWebDriver.java:552)
at org.openqa.selenium.remote.RemoteWebDriver.executeScript(RemoteWebDriver.java:489)
at Testcases.Oneway_Test.oneway(Oneway_Test.java:53)
at java.base/jdk.internal.reflect.NativeMethodAccessorImpl.invoke0(Native Method)
at java.base/jdk.internal.reflect.NativeMethodAccessorImpl.invoke(NativeMethodAccessorImpl.java:62)
at java.base/jdk.internal.reflect.DelegatingMethodAccessorImpl.invoke(DelegatingMethodAccessorImpl.java:43)
at java.base/java.lang.reflect.Method.invoke(Method.java:564)
at org.testng.internal.MethodInvocationHelper.invokeMethod(MethodInvocationHelper.java:124)
at org.testng.internal.Invoker.invokeMethod(Invoker.java:583)
... 19 more
]]>
            </full-stacktrace>
          </exception> <!-- org.testng.TestException -->
          <reporter-output>
          </reporter-output>
        </test-method> <!-- oneway -->
        <test-method is-config="true" signature="tearDown(org.testng.ITestResult)[pri:0, instance:Testcases.Oneway_Test@ec756bd]" started-at="2020-05-18T12:19:43Z" name="tearDown" finished-at="2020-05-18T12:19:45Z" duration-ms="2155" status="PASS">
          <params>
            <param index="0">
              <value>
                <![CDATA[[TestResult name=oneway status=FAILURE method=Oneway_Test.oneway()[pri:0, instance:Testcases.Oneway_Test@ec756bd] output={null}]]]>
              </value>
            </param>
          </params>
          <reporter-output>
          </reporter-output>
        </test-method> <!-- tearDown -->
      </class> <!-- Testcases.Oneway_Test -->
    </test> <!-- oneway -->
    <test started-at="2020-05-18T12:19:45Z" name="Flight_Status" finished-at="2020-05-18T12:21:03Z" duration-ms="77277">
      <class name="Objects.Flight_Status">
        <test-method is-config="true" signature="extentReport()[pri:0, instance:Objects.Flight_Status@14d3bc22]" started-at="2020-05-18T12:17:29Z" name="extentReport" finished-at="2020-05-18T12:17:29Z" duration-ms="533" status="PASS">
          <reporter-output>
          </reporter-output>
        </test-method> <!-- extentReport -->
        <test-method is-config="true" signature="launchBrowser(java.lang.String)[pri:0, instance:Objects.Flight_Status@14d3bc22]" started-at="2020-05-18T12:19:45Z" name="launchBrowser" finished-at="2020-05-18T12:20:50Z" duration-ms="64022" status="PASS">
          <params>
            <param index="0">
              <value>
                <![CDATA[chrome]]>
              </value>
            </param>
          </params>
          <reporter-output>
          </reporter-output>
        </test-method> <!-- launchBrowser -->
        <test-method signature="flightStatus()[pri:0, instance:Objects.Flight_Status@14d3bc22]" started-at="2020-05-18T12:20:50Z" name="flightStatus" finished-at="2020-05-18T12:21:02Z" duration-ms="12301" status="PASS">
          <reporter-output>
          </reporter-output>
        </test-method> <!-- flightStatus -->
        <test-method is-config="true" signature="tearDown(org.testng.ITestResult)[pri:0, instance:Objects.Flight_Status@14d3bc22]" started-at="2020-05-18T12:21:02Z" name="tearDown" finished-at="2020-05-18T12:21:03Z" duration-ms="932" status="PASS">
          <params>
            <param index="0">
              <value>
                <![CDATA[[TestResult name=flightStatus status=SUCCESS method=Flight_Status.flightStatus()[pri:0, instance:Objects.Flight_Status@14d3bc22] output={null}]]]>
              </value>
            </param>
          </params>
          <reporter-output>
          </reporter-output>
        </test-method> <!-- tearDown -->
        <test-method is-config="true" signature="extentRportClose()[pri:0, instance:Objects.Flight_Status@14d3bc22]" started-at="2020-05-18T12:21:03Z" name="extentRportClose" finished-at="2020-05-18T12:21:04Z" duration-ms="1293" status="PASS">
          <reporter-output>
          </reporter-output>
        </test-method> <!-- extentRportClose -->
      </class> <!-- Objects.Flight_Status -->
    </test> <!-- Flight_Status -->
  </suite> <!-- Suite -->
</testng-results>
